#
# There is insufficient memory for the Java Runtime Environment to continue.
# Native memory allocation (mmap) failed to map 27787264 bytes for committing reserved memory.
# Possible reasons:
#   The system is out of physical RAM or swap space
#   In 32 bit mode, the process size limit was hit
# Possible solutions:
#   Reduce memory load on the system
#   Increase physical memory or swap space
#   Check if swap backing store is full
#   Use 64 bit Java on a 64 bit OS
#   Decrease Java heap size (-Xmx/-Xms)
#   Decrease number of Java threads
#   Decrease Java thread stack sizes (-Xss)
#   Set larger code cache with -XX:ReservedCodeCacheSize=
# This output file may be truncated or incomplete.
#
#  Out of Memory Error (os_linux.cpp:2671), pid=4824, tid=140110537615104
#
# JRE version: Java(TM) SE Runtime Environment (8.0_25-b17) (build 1.8.0_25-b17)
# Java VM: Java HotSpot(TM) 64-Bit Server VM (25.25-b02 mixed mode linux-amd64 compressed oops)
# Failed to write core dump. Core dumps have been disabled. To enable core dumping, try "ulimit -c unlimited" before starting Java again
#

---------------  T H R E A D  ---------------

Current thread (0x00007f6e1806c800):  VMThread [stack: 0x00007f6e06c2e000,0x00007f6e06d2f000] [id=4831]

Stack: [0x00007f6e06c2e000,0x00007f6e06d2f000],  sp=0x00007f6e06d2d1f0,  free space=1020k
Native frames: (J=compiled Java code, j=interpreted, Vv=VM code, C=native code)
V  [libjvm.so+0xa7923a]  VMError::report_and_die()+0x2ca
V  [libjvm.so+0x4e552b]  report_vm_out_of_memory(char const*, int, unsigned long, VMErrorType, char const*)+0x8b
V  [libjvm.so+0x8e5613]  os::Linux::commit_memory_impl(char*, unsigned long, bool)+0x103
V  [libjvm.so+0x8e5b69]  os::pd_commit_memory(char*, unsigned long, unsigned long, bool)+0x29
V  [libjvm.so+0x8df83a]  os::commit_memory(char*, unsigned long, unsigned long, bool)+0x2a
V  [libjvm.so+0x94f923]  PSVirtualSpace::expand_by(unsigned long)+0x53
V  [libjvm.so+0x950d28]  PSYoungGen::resize_generation(unsigned long, unsigned long)+0xf8
V  [libjvm.so+0x94fe82]  PSYoungGen::resize(unsigned long, unsigned long)+0x22
V  [libjvm.so+0x94d163]  PSScavenge::invoke_no_policy()+0xf53
V  [libjvm.so+0x94d8e1]  PSScavenge::invoke()+0x41
V  [libjvm.so+0x907800]  ParallelScavengeHeap::failed_mem_allocate(unsigned long)+0x70
V  [libjvm.so+0xa7a8b7]  VM_ParallelGCFailedAllocation::doit()+0x97
V  [libjvm.so+0xa81fd5]  VM_Operation::evaluate()+0x55
V  [libjvm.so+0xa803aa]  VMThread::evaluate_operation(VM_Operation*)+0xba
V  [libjvm.so+0xa8072e]  VMThread::loop()+0x1ce
V  [libjvm.so+0xa80ba0]  VMThread::run()+0x70
V  [libjvm.so+0x8e7d48]  java_start(Thread*)+0x108

VM_Operation (0x00007f6e1f02b600): ParallelGCFailedAllocation, mode: safepoint, requested by thread 0x00007f6e18007800


---------------  P R O C E S S  ---------------

Java Threads: ( => current thread )
  0x00007f6e180ad000 JavaThread "Service Thread" daemon [_thread_blocked, id=4837, stack(0x00007f6e0635d000,0x00007f6e0645e000)]
  0x00007f6e180a8000 JavaThread "C1 CompilerThread1" daemon [_thread_blocked, id=4836, stack(0x00007f6e0645e000,0x00007f6e0655f000)]
  0x00007f6e180a5000 JavaThread "C2 CompilerThread0" daemon [_thread_blocked, id=4835, stack(0x00007f6e0655f000,0x00007f6e06660000)]
  0x00007f6e180a3000 JavaThread "Signal Dispatcher" daemon [_thread_blocked, id=4834, stack(0x00007f6e06660000,0x00007f6e06761000)]
  0x00007f6e18075800 JavaThread "Finalizer" daemon [_thread_blocked, id=4833, stack(0x00007f6e06a2c000,0x00007f6e06b2d000)]
  0x00007f6e18073800 JavaThread "Reference Handler" daemon [_thread_blocked, id=4832, stack(0x00007f6e06b2d000,0x00007f6e06c2e000)]
  0x00007f6e18007800 JavaThread "main" [_thread_blocked, id=4828, stack(0x00007f6e1ef2c000,0x00007f6e1f02d000)]

Other Threads:
=>0x00007f6e1806c800 VMThread [stack: 0x00007f6e06c2e000,0x00007f6e06d2f000] [id=4831]
  0x00007f6e180b1800 WatcherThread [stack: 0x00007f6e0625c000,0x00007f6e0635d000] [id=4838]

VM state:at safepoint (normal execution)

VM Mutex/Monitor currently owned by a thread:  ([mutex/lock_event])
[0x00007f6e18005e60] Threads_lock - owner thread: 0x00007f6e1806c800
[0x00007f6e18006360] Heap_lock - owner thread: 0x00007f6e18007800

Heap:
 PSYoungGen      total 57856K, used 26101K [0x00000000f5900000, 0x00000000faf80000, 0x0000000100000000)
  eden space 31744K, 0% used [0x00000000f5900000,0x00000000f5900000,0x00000000f7800000)
  from space 26112K, 99% used [0x00000000f7800000,0x00000000f917d7a0,0x00000000f9180000)
  to   space 23040K, 0% used [0x00000000f9180000,0x00000000f9180000,0x00000000fa800000)
 ParOldGen       total 95744K, used 77638K [0x00000000e0a00000, 0x00000000e6780000, 0x00000000f5900000)
  object space 95744K, 81% used [0x00000000e0a00000,0x00000000e55d18e0,0x00000000e6780000)
 Metaspace       used 3866K, capacity 4614K, committed 4864K, reserved 1056768K
  class space    used 408K, capacity 430K, committed 512K, reserved 1048576K

Card table byte_map: [0x00007f6e1c495000,0x00007f6e1c591000] byte_map_base: 0x00007f6e1bd90000

Marking Bits: (ParMarkBitMap*) 0x00007f6e1e40f2c0
 Begin Bits: [0x00007f6e08050000, 0x00007f6e08828000)
 End Bits:   [0x00007f6e08828000, 0x00007f6e09000000)

Polling page: 0x00007f6e1f056000

CodeCache: size=245760Kb used=2069Kb max_used=2076Kb free=243690Kb
 bounds [0x00007f6e09000000, 0x00007f6e09270000, 0x00007f6e18000000]
 total_blobs=553 nmethods=298 adapters=170
 compilation: enabled

Compilation events (10 events):
Event: 9,097 Thread 0x00007f6e180a5000 nmethod 297 0x00007f6e091ecb50 code [0x00007f6e091ecce0, 0x00007f6e091ed108]
Event: 9,097 Thread 0x00007f6e180a5000  302       4       utfpr.ct.dainf.if62c.avaliacao.ProcessaLancamentos::processaLinha (183 bytes)
Event: 10,059 Thread 0x00007f6e180a5000 nmethod 302 0x00007f6e091fc550 code [0x00007f6e091fcd40, 0x00007f6e09202270]
Event: 10,059 Thread 0x00007f6e180a5000  300       4       java.util.Locale::getUnicodeLocaleType (54 bytes)
Event: 10,062 Thread 0x00007f6e180a5000 nmethod 300 0x00007f6e091ec5d0 code [0x00007f6e091ec740, 0x00007f6e091ec8e8]
Event: 10,062 Thread 0x00007f6e180a5000  308       4       java.util.Calendar$Builder::build (635 bytes)
Event: 10,085 Thread 0x00007f6e180a8000  328 %     3       utfpr.ct.dainf.if62c.avaliacao.ProcessaLancamentos::getLancamentos @ 16 (55 bytes)
Event: 10,086 Thread 0x00007f6e180a8000 nmethod 328% 0x00007f6e091cc290 code [0x00007f6e091cc4a0, 0x00007f6e091ccc18]
Event: 10,086 Thread 0x00007f6e180a8000  329       3       utfpr.ct.dainf.if62c.avaliacao.ProcessaLancamentos::getLancamentos (55 bytes)
Event: 10,087 Thread 0x00007f6e180a8000 nmethod 329 0x00007f6e091ef790 code [0x00007f6e091ef9e0, 0x00007f6e091f0418]

GC Heap History (10 events):
Event: 9,370 GC heap after
Heap after GC invocations=7 (full 2):
 PSYoungGen      total 18432K, used 1018K [0x00000000f5900000, 0x00000000f8d80000, 0x0000000100000000)
  eden space 17408K, 0% used [0x00000000f5900000,0x00000000f5900000,0x00000000f6a00000)
  from space 1024K, 99% used [0x00000000f6a00000,0x00000000f6afe828,0x00000000f6b00000)
  to   space 11264K, 0% used [0x00000000f8280000,0x00000000f8280000,0x00000000f8d80000)
 ParOldGen       total 59904K, used 33528K [0x00000000e0a00000, 0x00000000e4480000, 0x00000000f5900000)
  object space 59904K, 55% used [0x00000000e0a00000,0x00000000e2abe078,0x00000000e4480000)
 Metaspace       used 3864K, capacity 4614K, committed 4864K, reserved 1056768K
  class space    used 408K, capacity 430K, committed 512K, reserved 1048576K
}
Event: 9,430 GC heap before
{Heap before GC invocations=8 (full 2):
 PSYoungGen      total 18432K, used 18426K [0x00000000f5900000, 0x00000000f8d80000, 0x0000000100000000)
  eden space 17408K, 100% used [0x00000000f5900000,0x00000000f6a00000,0x00000000f6a00000)
  from space 1024K, 99% used [0x00000000f6a00000,0x00000000f6afe828,0x00000000f6b00000)
  to   space 11264K, 0% used [0x00000000f8280000,0x00000000f8280000,0x00000000f8d80000)
 ParOldGen       total 59904K, used 33528K [0x00000000e0a00000, 0x00000000e4480000, 0x00000000f5900000)
  object space 59904K, 55% used [0x00000000e0a00000,0x00000000e2abe078,0x00000000e4480000)
 Metaspace       used 3864K, capacity 4614K, committed 4864K, reserved 1056768K
  class space    used 408K, capacity 430K, committed 512K, reserved 1048576K
Event: 9,471 GC heap after
Heap after GC invocations=8 (full 2):
 PSYoungGen      total 35328K, used 11259K [0x00000000f5900000, 0x00000000f8d80000, 0x0000000100000000)
  eden space 24064K, 0% used [0x00000000f5900000,0x00000000f5900000,0x00000000f7080000)
  from space 11264K, 99% used [0x00000000f8280000,0x00000000f8d7ee18,0x00000000f8d80000)
  to   space 13824K, 0% used [0x00000000f7280000,0x00000000f7280000,0x00000000f8000000)
 ParOldGen       total 59904K, used 35304K [0x00000000e0a00000, 0x00000000e4480000, 0x00000000f5900000)
  object space 59904K, 58% used [0x00000000e0a00000,0x00000000e2c7a078,0x00000000e4480000)
 Metaspace       used 3864K, capacity 4614K, committed 4864K, reserved 1056768K
  class space    used 408K, capacity 430K, committed 512K, reserved 1048576K
}
Event: 9,557 GC heap before
{Heap before GC invocations=9 (full 2):
 PSYoungGen      total 35328K, used 35323K [0x00000000f5900000, 0x00000000f8d80000, 0x0000000100000000)
  eden space 24064K, 100% used [0x00000000f5900000,0x00000000f7080000,0x00000000f7080000)
  from space 11264K, 99% used [0x00000000f8280000,0x00000000f8d7ee18,0x00000000f8d80000)
  to   space 13824K, 0% used [0x00000000f7280000,0x00000000f7280000,0x00000000f8000000)
 ParOldGen       total 59904K, used 35304K [0x00000000e0a00000, 0x00000000e4480000, 0x00000000f5900000)
  object space 59904K, 58% used [0x00000000e0a00000,0x00000000e2c7a078,0x00000000e4480000)
 Metaspace       used 3864K, capacity 4614K, committed 4864K, reserved 1056768K
  class space    used 408K, capacity 430K, committed 512K, reserved 1048576K
Event: 9,630 GC heap after
Heap after GC invocations=9 (full 2):
 PSYoungGen      total 39936K, used 13817K [0x00000000f5900000, 0x00000000fa800000, 0x0000000100000000)
  eden space 26112K, 0% used [0x00000000f5900000,0x00000000f5900000,0x00000000f7280000)
  from space 13824K, 99% used [0x00000000f7280000,0x00000000f7ffe520,0x00000000f8000000)
  to   space 23040K, 0% used [0x00000000f9180000,0x00000000f9180000,0x00000000fa800000)
 ParOldGen       total 59904K, used 49344K [0x00000000e0a00000, 0x00000000e4480000, 0x00000000f5900000)
  object space 59904K, 82% used [0x00000000e0a00000,0x00000000e3a30078,0x00000000e4480000)
 Metaspace       used 3864K, capacity 4614K, committed 4864K, reserved 1056768K
  class space    used 408K, capacity 430K, committed 512K, reserved 1048576K
}
Event: 9,630 GC heap before
{Heap before GC invocations=10 (full 3):
 PSYoungGen      total 39936K, used 13817K [0x00000000f5900000, 0x00000000fa800000, 0x0000000100000000)
  eden space 26112K, 0% used [0x00000000f5900000,0x00000000f5900000,0x00000000f7280000)
  from space 13824K, 99% used [0x00000000f7280000,0x00000000f7ffe520,0x00000000f8000000)
  to   space 23040K, 0% used [0x00000000f9180000,0x00000000f9180000,0x00000000fa800000)
 ParOldGen       total 59904K, used 49344K [0x00000000e0a00000, 0x00000000e4480000, 0x00000000f5900000)
  object space 59904K, 82% used [0x00000000e0a00000,0x00000000e3a30078,0x00000000e4480000)
 Metaspace       used 3864K, capacity 4614K, committed 4864K, reserved 1056768K
  class space    used 408K, capacity 430K, committed 512K, reserved 1048576K
Event: 9,863 GC heap after
Heap after GC invocations=10 (full 3):
 PSYoungGen      total 39936K, used 3571K [0x00000000f5900000, 0x00000000fa800000, 0x0000000100000000)
  eden space 26112K, 0% used [0x00000000f5900000,0x00000000f5900000,0x00000000f7280000)
  from space 13824K, 25% used [0x00000000f7280000,0x00000000f75fcea0,0x00000000f8000000)
  to   space 23040K, 0% used [0x00000000f9180000,0x00000000f9180000,0x00000000fa800000)
 ParOldGen       total 95744K, used 59446K [0x00000000e0a00000, 0x00000000e6780000, 0x00000000f5900000)
  object space 95744K, 62% used [0x00000000e0a00000,0x00000000e440d8e0,0x00000000e6780000)
 Metaspace       used 3864K, capacity 4614K, committed 4864K, reserved 1056768K
  class space    used 408K, capacity 430K, committed 512K, reserved 1048576K
}
Event: 9,972 GC heap before
{Heap before GC invocations=11 (full 3):
 PSYoungGen      total 39936K, used 29683K [0x00000000f5900000, 0x00000000fa800000, 0x0000000100000000)
  eden space 26112K, 100% used [0x00000000f5900000,0x00000000f7280000,0x00000000f7280000)
  from space 13824K, 25% used [0x00000000f7280000,0x00000000f75fcea0,0x00000000f8000000)
  to   space 23040K, 0% used [0x00000000f9180000,0x00000000f9180000,0x00000000fa800000)
 ParOldGen       total 95744K, used 59446K [0x00000000e0a00000, 0x00000000e6780000, 0x00000000f5900000)
  object space 95744K, 62% used [0x00000000e0a00000,0x00000000e440d8e0,0x00000000e6780000)
 Metaspace       used 3864K, capacity 4614K, committed 4864K, reserved 1056768K
  class space    used 408K, capacity 430K, committed 512K, reserved 1048576K
Event: 10,050 GC heap after
Heap after GC invocations=11 (full 3):
 PSYoungGen      total 54784K, used 21685K [0x00000000f5900000, 0x00000000faf80000, 0x0000000100000000)
  eden space 31744K, 0% used [0x00000000f5900000,0x00000000f5900000,0x00000000f7800000)
  from space 23040K, 94% used [0x00000000f9180000,0x00000000fa6ad7a0,0x00000000fa800000)
  to   space 26112K, 0% used [0x00000000f7800000,0x00000000f7800000,0x00000000f9180000)
 ParOldGen       total 95744K, used 59446K [0x00000000e0a00000, 0x00000000e6780000, 0x00000000f5900000)
  object space 95744K, 62% used [0x00000000e0a00000,0x00000000e440d8e0,0x00000000e6780000)
 Metaspace       used 3864K, capacity 4614K, committed 4864K, reserved 1056768K
  class space    used 408K, capacity 430K, committed 512K, reserved 1048576K
}
Event: 10,122 GC heap before
{Heap before GC invocations=12 (full 3):
 PSYoungGen      total 54784K, used 53429K [0x00000000f5900000, 0x00000000faf80000, 0x0000000100000000)
  eden space 31744K, 100% used [0x00000000f5900000,0x00000000f7800000,0x00000000f7800000)
  from space 23040K, 94% used [0x00000000f9180000,0x00000000fa6ad7a0,0x00000000fa800000)
  to   space 26112K, 0% used [0x00000000f7800000,0x00000000f7800000,0x00000000f9180000)
 ParOldGen       total 95744K, used 59446K [0x00000000e0a00000, 0x00000000e6780000, 0x00000000f5900000)
  object space 95744K, 62% used [0x00000000e0a00000,0x00000000e440d8e0,0x00000000e6780000)
 Metaspace       used 3866K, capacity 4614K, committed 4864K, reserved 1056768K
  class space    used 408K, capacity 430K, committed 512K, reserved 1048576K

Deoptimization events (0 events):
No events

Internal exceptions (9 events):
Event: 0,031 Thread 0x00007f6e18007800 Exception <a 'java/lang/NoSuchMethodError': Method sun.misc.Unsafe.defineClass(Ljava/lang/String;[BII)Ljava/lang/Class; name or signature does not match> (0x00000000f5911c68) thrown at [/HUDSON/workspace/8-2-build-linux-amd64/jdk8u25/1514/hotspot/src/shar
Event: 0,031 Thread 0x00007f6e18007800 Exception <a 'java/lang/NoSuchMethodError': Method sun.misc.Unsafe.prefetchRead(Ljava/lang/Object;J)V name or signature does not match> (0x00000000f5911ef8) thrown at [/HUDSON/workspace/8-2-build-linux-amd64/jdk8u25/1514/hotspot/src/share/vm/prims/jni.cpp
Event: 0,064 Thread 0x00007f6e18007800 Exception <a 'java/security/PrivilegedActionException'> (0x00000000f5955450) thrown at [/HUDSON/workspace/8-2-build-linux-amd64/jdk8u25/1514/hotspot/src/share/vm/prims/jvm.cpp, line 1312]
Event: 0,078 Thread 0x00007f6e18007800 Exception <a 'java/security/PrivilegedActionException'> (0x00000000f597f6d0) thrown at [/HUDSON/workspace/8-2-build-linux-amd64/jdk8u25/1514/hotspot/src/share/vm/prims/jvm.cpp, line 1312]
Event: 0,078 Thread 0x00007f6e18007800 Exception <a 'java/security/PrivilegedActionException'> (0x00000000f597fa18) thrown at [/HUDSON/workspace/8-2-build-linux-amd64/jdk8u25/1514/hotspot/src/share/vm/prims/jvm.cpp, line 1312]
Event: 0,079 Thread 0x00007f6e18007800 Exception <a 'java/security/PrivilegedActionException'> (0x00000000f5981f38) thrown at [/HUDSON/workspace/8-2-build-linux-amd64/jdk8u25/1514/hotspot/src/share/vm/prims/jvm.cpp, line 1312]
Event: 0,079 Thread 0x00007f6e18007800 Exception <a 'java/security/PrivilegedActionException'> (0x00000000f5982280) thrown at [/HUDSON/workspace/8-2-build-linux-amd64/jdk8u25/1514/hotspot/src/share/vm/prims/jvm.cpp, line 1312]
Event: 8,406 Thread 0x00007f6e18007800 Exception <a 'java/security/PrivilegedActionException'> (0x00000000f5a0c340) thrown at [/HUDSON/workspace/8-2-build-linux-amd64/jdk8u25/1514/hotspot/src/share/vm/prims/jvm.cpp, line 1312]
Event: 8,408 Thread 0x00007f6e18007800 Exception <a 'java/security/PrivilegedActionException'> (0x00000000f5a175a0) thrown at [/HUDSON/workspace/8-2-build-linux-amd64/jdk8u25/1514/hotspot/src/share/vm/prims/jvm.cpp, line 1312]

Events (10 events):
Event: 9,032 Executing VM operation: ParallelGCFailedAllocation done
Event: 9,100 Executing VM operation: ParallelGCFailedAllocation
Event: 9,370 Executing VM operation: ParallelGCFailedAllocation done
Event: 9,430 Executing VM operation: ParallelGCFailedAllocation
Event: 9,471 Executing VM operation: ParallelGCFailedAllocation done
Event: 9,557 Executing VM operation: ParallelGCFailedAllocation
Event: 9,863 Executing VM operation: ParallelGCFailedAllocation done
Event: 9,972 Executing VM operation: ParallelGCFailedAllocation
Event: 10,050 Executing VM operation: ParallelGCFailedAllocation done
Event: 10,121 Executing VM operation: ParallelGCFailedAllocation


Dynamic libraries:
00400000-00401000 r-xp 00000000 08:01 13633460                           /usr/lib/jvm/java-8-oracle/bin/java
00600000-00601000 rw-p 00000000 08:01 13633460                           /usr/lib/jvm/java-8-oracle/bin/java
00fa3000-00fc4000 rw-p 00000000 00:00 0                                  [heap]
e0a00000-e6780000 rw-p 00000000 00:00 0 
e6780000-f5900000 ---p 00000000 00:00 0 
f5900000-faf80000 rw-p 00000000 00:00 0 
fca00000-100000000 ---p 00000000 00:00 0 
100000000-100080000 rw-p 00000000 00:00 0 
100080000-140000000 ---p 00000000 00:00 0 
7f6dd8000000-7f6dd8021000 rw-p 00000000 00:00 0 
7f6dd8021000-7f6ddc000000 ---p 00000000 00:00 0 
7f6de0000000-7f6de0021000 rw-p 00000000 00:00 0 
7f6de0021000-7f6de4000000 ---p 00000000 00:00 0 
7f6de4000000-7f6de4273000 rw-p 00000000 00:00 0 
7f6de4273000-7f6de8000000 ---p 00000000 00:00 0 
7f6de8000000-7f6de8021000 rw-p 00000000 00:00 0 
7f6de8021000-7f6dec000000 ---p 00000000 00:00 0 
7f6dec000000-7f6decf68000 rw-p 00000000 00:00 0 
7f6decf68000-7f6df0000000 ---p 00000000 00:00 0 
7f6df0000000-7f6df0021000 rw-p 00000000 00:00 0 
7f6df0021000-7f6df4000000 ---p 00000000 00:00 0 
7f6df4000000-7f6df4021000 rw-p 00000000 00:00 0 
7f6df4021000-7f6df8000000 ---p 00000000 00:00 0 
7f6df8000000-7f6df8021000 rw-p 00000000 00:00 0 
7f6df8021000-7f6dfc000000 ---p 00000000 00:00 0 
7f6dfc000000-7f6dfc293000 rw-p 00000000 00:00 0 
7f6dfc293000-7f6e00000000 ---p 00000000 00:00 0 
7f6e00000000-7f6e00021000 rw-p 00000000 00:00 0 
7f6e00021000-7f6e04000000 ---p 00000000 00:00 0 
7f6e0623a000-7f6e0625c000 r--p 00000000 08:01 11414810                   /usr/share/locale-langpack/pt_BR/LC_MESSAGES/libc.mo
7f6e0625c000-7f6e0625d000 ---p 00000000 00:00 0 
7f6e0625d000-7f6e0635d000 rw-p 00000000 00:00 0                          [stack:4838]
7f6e0635d000-7f6e06360000 ---p 00000000 00:00 0 
7f6e06360000-7f6e0645e000 rw-p 00000000 00:00 0                          [stack:4837]
7f6e0645e000-7f6e06461000 ---p 00000000 00:00 0 
7f6e06461000-7f6e0655f000 rw-p 00000000 00:00 0                          [stack:4836]
7f6e0655f000-7f6e06562000 ---p 00000000 00:00 0 
7f6e06562000-7f6e06660000 rw-p 00000000 00:00 0                          [stack:4835]
7f6e06660000-7f6e06663000 ---p 00000000 00:00 0 
7f6e06663000-7f6e06761000 rw-p 00000000 00:00 0                          [stack:4834]
7f6e06761000-7f6e06a2c000 r--p 00000000 08:01 10229786                   /usr/lib/locale/locale-archive
7f6e06a2c000-7f6e06a2f000 ---p 00000000 00:00 0 
7f6e06a2f000-7f6e06b2d000 rw-p 00000000 00:00 0                          [stack:4833]
7f6e06b2d000-7f6e06b30000 ---p 00000000 00:00 0 
7f6e06b30000-7f6e06c2e000 rw-p 00000000 00:00 0                          [stack:4832]
7f6e06c2e000-7f6e06c2f000 ---p 00000000 00:00 0 
7f6e06c2f000-7f6e0767a000 rw-p 00000000 00:00 0                          [stack:4831]
7f6e0767a000-7f6e07850000 r--s 03caa000 08:01 11144759                   /usr/lib/jvm/java-8-oracle/jre/lib/rt.jar
7f6e07850000-7f6e07c90000 rw-p 00000000 00:00 0 
7f6e07c90000-7f6e08050000 ---p 00000000 00:00 0 
7f6e08050000-7f6e09000000 rw-p 00000000 00:00 0 
7f6e09000000-7f6e09270000 rwxp 00000000 00:00 0 
7f6e09270000-7f6e18000000 ---p 00000000 00:00 0 
7f6e18000000-7f6e1839e000 rw-p 00000000 00:00 0 
7f6e1839e000-7f6e1c000000 ---p 00000000 00:00 0 
7f6e1c00a000-7f6e1c1eb000 rw-p 00000000 00:00 0 
7f6e1c1eb000-7f6e1c1ec000 ---p 00000000 00:00 0 
7f6e1c1ec000-7f6e1c2ec000 rw-p 00000000 00:00 0                          [stack:4830]
7f6e1c2ec000-7f6e1c2ed000 ---p 00000000 00:00 0 
7f6e1c2ed000-7f6e1c41c000 rw-p 00000000 00:00 0                          [stack:4829]
7f6e1c41c000-7f6e1c495000 ---p 00000000 00:00 0 
7f6e1c495000-7f6e1c4c4000 rw-p 00000000 00:00 0 
7f6e1c4c4000-7f6e1c53c000 ---p 00000000 00:00 0 
7f6e1c53c000-7f6e1c568000 rw-p 00000000 00:00 0 
7f6e1c568000-7f6e1c590000 ---p 00000000 00:00 0 
7f6e1c590000-7f6e1c59b000 rw-p 00000000 00:00 0 
7f6e1c59b000-7f6e1c951000 ---p 00000000 00:00 0 
7f6e1c951000-7f6e1c96b000 r-xp 00000000 08:01 13633358                   /usr/lib/jvm/java-8-oracle/jre/lib/amd64/libzip.so
7f6e1c96b000-7f6e1cb6b000 ---p 0001a000 08:01 13633358                   /usr/lib/jvm/java-8-oracle/jre/lib/amd64/libzip.so
7f6e1cb6b000-7f6e1cb6c000 rw-p 0001a000 08:01 13633358                   /usr/lib/jvm/java-8-oracle/jre/lib/amd64/libzip.so
7f6e1cb6c000-7f6e1cb96000 r-xp 00000000 08:01 13633368                   /usr/lib/jvm/java-8-oracle/jre/lib/amd64/libjava.so
7f6e1cb96000-7f6e1cd96000 ---p 0002a000 08:01 13633368                   /usr/lib/jvm/java-8-oracle/jre/lib/amd64/libjava.so
7f6e1cd96000-7f6e1cd98000 rw-p 0002a000 08:01 13633368                   /usr/lib/jvm/java-8-oracle/jre/lib/amd64/libjava.so
7f6e1cd98000-7f6e1cda5000 r-xp 00000000 08:01 13633383                   /usr/lib/jvm/java-8-oracle/jre/lib/amd64/libverify.so
7f6e1cda5000-7f6e1cfa5000 ---p 0000d000 08:01 13633383                   /usr/lib/jvm/java-8-oracle/jre/lib/amd64/libverify.so
7f6e1cfa5000-7f6e1cfa7000 rw-p 0000d000 08:01 13633383                   /usr/lib/jvm/java-8-oracle/jre/lib/amd64/libverify.so
7f6e1cfa7000-7f6e1cfae000 r-xp 00000000 08:01 6554652                    /lib/x86_64-linux-gnu/librt-2.19.so
7f6e1cfae000-7f6e1d1ad000 ---p 00007000 08:01 6554652                    /lib/x86_64-linux-gnu/librt-2.19.so
7f6e1d1ad000-7f6e1d1ae000 r--p 00006000 08:01 6554652                    /lib/x86_64-linux-gnu/librt-2.19.so
7f6e1d1ae000-7f6e1d1af000 rw-p 00007000 08:01 6554652                    /lib/x86_64-linux-gnu/librt-2.19.so
7f6e1d1af000-7f6e1d2b4000 r-xp 00000000 08:01 6554590                    /lib/x86_64-linux-gnu/libm-2.19.so
7f6e1d2b4000-7f6e1d4b3000 ---p 00105000 08:01 6554590                    /lib/x86_64-linux-gnu/libm-2.19.so
7f6e1d4b3000-7f6e1d4b4000 r--p 00104000 08:01 6554590                    /lib/x86_64-linux-gnu/libm-2.19.so
7f6e1d4b4000-7f6e1d4b5000 rw-p 00105000 08:01 6554590                    /lib/x86_64-linux-gnu/libm-2.19.so
7f6e1d4b5000-7f6e1e122000 r-xp 00000000 08:01 13633399                   /usr/lib/jvm/java-8-oracle/jre/lib/amd64/server/libjvm.so
7f6e1e122000-7f6e1e321000 ---p 00c6d000 08:01 13633399                   /usr/lib/jvm/java-8-oracle/jre/lib/amd64/server/libjvm.so
7f6e1e321000-7f6e1e3f7000 rw-p 00c6c000 08:01 13633399                   /usr/lib/jvm/java-8-oracle/jre/lib/amd64/server/libjvm.so
7f6e1e3f7000-7f6e1e43a000 rw-p 00000000 00:00 0 
7f6e1e43a000-7f6e1e5f5000 r-xp 00000000 08:01 6554642                    /lib/x86_64-linux-gnu/libc-2.19.so
7f6e1e5f5000-7f6e1e7f5000 ---p 001bb000 08:01 6554642                    /lib/x86_64-linux-gnu/libc-2.19.so
7f6e1e7f5000-7f6e1e7f9000 r--p 001bb000 08:01 6554642                    /lib/x86_64-linux-gnu/libc-2.19.so
7f6e1e7f9000-7f6e1e7fb000 rw-p 001bf000 08:01 6554642                    /lib/x86_64-linux-gnu/libc-2.19.so
7f6e1e7fb000-7f6e1e800000 rw-p 00000000 00:00 0 
7f6e1e800000-7f6e1e803000 r-xp 00000000 08:01 6554615                    /lib/x86_64-linux-gnu/libdl-2.19.so
7f6e1e803000-7f6e1ea02000 ---p 00003000 08:01 6554615                    /lib/x86_64-linux-gnu/libdl-2.19.so
7f6e1ea02000-7f6e1ea03000 r--p 00002000 08:01 6554615                    /lib/x86_64-linux-gnu/libdl-2.19.so
7f6e1ea03000-7f6e1ea04000 rw-p 00003000 08:01 6554615                    /lib/x86_64-linux-gnu/libdl-2.19.so
7f6e1ea04000-7f6e1ea19000 r-xp 00000000 08:01 10885127                   /usr/lib/jvm/java-8-oracle/lib/amd64/jli/libjli.so
7f6e1ea19000-7f6e1ec18000 ---p 00015000 08:01 10885127                   /usr/lib/jvm/java-8-oracle/lib/amd64/jli/libjli.so
7f6e1ec18000-7f6e1ec19000 rw-p 00014000 08:01 10885127                   /usr/lib/jvm/java-8-oracle/lib/amd64/jli/libjli.so
7f6e1ec19000-7f6e1ec32000 r-xp 00000000 08:01 6554599                    /lib/x86_64-linux-gnu/libpthread-2.19.so
7f6e1ec32000-7f6e1ee31000 ---p 00019000 08:01 6554599                    /lib/x86_64-linux-gnu/libpthread-2.19.so
7f6e1ee31000-7f6e1ee32000 r--p 00018000 08:01 6554599                    /lib/x86_64-linux-gnu/libpthread-2.19.so
7f6e1ee32000-7f6e1ee33000 rw-p 00019000 08:01 6554599                    /lib/x86_64-linux-gnu/libpthread-2.19.so
7f6e1ee33000-7f6e1ee37000 rw-p 00000000 00:00 0 
7f6e1ee37000-7f6e1ee5a000 r-xp 00000000 08:01 6554622                    /lib/x86_64-linux-gnu/ld-2.19.so
7f6e1ee74000-7f6e1eef7000 rw-p 00000000 00:00 0 
7f6e1eef7000-7f6e1ef2c000 r--s 00000000 08:01 8665806                    /var/cache/nscd/passwd
7f6e1ef2c000-7f6e1ef2f000 ---p 00000000 00:00 0 
7f6e1ef2f000-7f6e1f032000 rw-p 00000000 00:00 0                          [stack:4828]
7f6e1f032000-7f6e1f039000 r--s 00000000 08:01 10624479                   /usr/lib/x86_64-linux-gnu/gconv/gconv-modules.cache
7f6e1f039000-7f6e1f043000 r--s 00116000 08:01 11276583                   /usr/lib/jvm/java-8-oracle/jre/lib/ext/localedata.jar
7f6e1f043000-7f6e1f04d000 rw-p 00000000 00:00 0 
7f6e1f04d000-7f6e1f055000 rw-s 00000000 08:01 2628991                    /tmp/hsperfdata_a1237365/4824
7f6e1f055000-7f6e1f056000 rw-p 00000000 00:00 0 
7f6e1f056000-7f6e1f057000 ---p 00000000 00:00 0 
7f6e1f057000-7f6e1f059000 rw-p 00000000 00:00 0 
7f6e1f059000-7f6e1f05a000 r--p 00022000 08:01 6554622                    /lib/x86_64-linux-gnu/ld-2.19.so
7f6e1f05a000-7f6e1f05b000 rw-p 00023000 08:01 6554622                    /lib/x86_64-linux-gnu/ld-2.19.so
7f6e1f05b000-7f6e1f05c000 rw-p 00000000 00:00 0 
7fff7c7d8000-7fff7c7f9000 rw-p 00000000 00:00 0                          [stack]
7fff7c7fe000-7fff7c800000 r-xp 00000000 00:00 0                          [vdso]
ffffffffff600000-ffffffffff601000 r-xp 00000000 00:00 0                  [vsyscall]

VM Arguments:
java_command: Avaliacao3
java_class_path (initial): /home/todos/alunos/ct/a1237365/NetBeansProjects/fp2-avaliacao3-2015-1/target/classes
Launcher Type: SUN_STANDARD

Environment Variables:
JAVA_HOME=/usr/lib/jvm/java-8-oracle
PATH=/usr/local/sbin:/usr/local/bin:/usr/sbin:/usr/bin:/sbin:/bin:/usr/games:/usr/local/games:/usr/lib/jvm/java-8-oracle/bin:/usr/lib/jvm/java-8-oracle/db/bin:/usr/lib/jvm/java-8-oracle/jre/bin
USERNAME=a1237365
LD_LIBRARY_PATH=/usr/lib/jvm/java-8-oracle/jre/lib/amd64:/usr/lib/jvm/java-8-oracle/jre/lib/i386:
SHELL=/bin/bash
DISPLAY=:0.0

Signal Handlers:
SIGSEGV: [libjvm.so+0xa79a80], sa_mask[0]=11111111011111111101111111111110, sa_flags=SA_RESTART|SA_SIGINFO
SIGBUS: [libjvm.so+0xa79a80], sa_mask[0]=11111111011111111101111111111110, sa_flags=SA_RESTART|SA_SIGINFO
SIGFPE: [libjvm.so+0x8e24e0], sa_mask[0]=11111111011111111101111111111110, sa_flags=SA_RESTART|SA_SIGINFO
SIGPIPE: [libjvm.so+0x8e24e0], sa_mask[0]=11111111011111111101111111111110, sa_flags=SA_RESTART|SA_SIGINFO
SIGXFSZ: [libjvm.so+0x8e24e0], sa_mask[0]=11111111011111111101111111111110, sa_flags=SA_RESTART|SA_SIGINFO
SIGILL: [libjvm.so+0x8e24e0], sa_mask[0]=11111111011111111101111111111110, sa_flags=SA_RESTART|SA_SIGINFO
SIGUSR1: SIG_DFL, sa_mask[0]=00000000000000000000000000000000, sa_flags=none
SIGUSR2: [libjvm.so+0x8e3d10], sa_mask[0]=00100000000000000000000000000000, sa_flags=SA_RESTART|SA_SIGINFO
SIGHUP: [libjvm.so+0x8e50d0], sa_mask[0]=11111111011111111101111111111110, sa_flags=SA_RESTART|SA_SIGINFO
SIGINT: SIG_IGN, sa_mask[0]=00000000000000000000000000000000, sa_flags=none
SIGTERM: [libjvm.so+0x8e50d0], sa_mask[0]=11111111011111111101111111111110, sa_flags=SA_RESTART|SA_SIGINFO
SIGQUIT: [libjvm.so+0x8e50d0], sa_mask[0]=11111111011111111101111111111110, sa_flags=SA_RESTART|SA_SIGINFO


---------------  S Y S T E M  ---------------

OS:DISTRIB_ID=LinuxMint
DISTRIB_RELEASE=17.1
DISTRIB_CODENAME=rebecca
DISTRIB_DESCRIPTION="Linux Mint 17.1 Rebecca"

uname:Linux 3.13.0-37-generic #64-Ubuntu SMP Mon Sep 22 21:28:38 UTC 2014 x86_64
libc:glibc 2.19 NPTL 2.19 
rlimit: STACK 8192k, CORE 0k, NPROC 15764, NOFILE 4096, AS infinity
load average:0,99 0,49 0,47

/proc/meminfo:
MemTotal:        2048600 kB
MemFree:           68256 kB
Buffers:             380 kB
Cached:            45720 kB
SwapCached:            0 kB
Active:          1806356 kB
Inactive:          39116 kB
Active(anon):    1800556 kB
Inactive(anon):    26532 kB
Active(file):       5800 kB
Inactive(file):    12584 kB
Unevictable:           0 kB
Mlocked:               0 kB
SwapTotal:             0 kB
SwapFree:              0 kB
Dirty:               156 kB
Writeback:             0 kB
AnonPages:       1799540 kB
Mapped:            57732 kB
Shmem:             27548 kB
Slab:              42452 kB
SReclaimable:      19488 kB
SUnreclaim:        22964 kB
KernelStack:        3832 kB
PageTables:        24224 kB
NFS_Unstable:          0 kB
Bounce:                0 kB
WritebackTmp:          0 kB
CommitLimit:     1024300 kB
Committed_AS:    4056556 kB
VmallocTotal:   34359738367 kB
VmallocUsed:      302712 kB
VmallocChunk:   34359428604 kB
HardwareCorrupted:     0 kB
AnonHugePages:    714752 kB
HugePages_Total:       0
HugePages_Free:        0
HugePages_Rsvd:        0
HugePages_Surp:        0
Hugepagesize:       2048 kB
DirectMap4k:      103296 kB
DirectMap2M:     1992704 kB


CPU:total 2 (2 cores per cpu, 1 threads per core) family 6 model 23 stepping 10, cmov, cx8, fxsr, mmx, sse, sse2, sse3, ssse3, tsc

/proc/cpuinfo:
processor	: 0
vendor_id	: GenuineIntel
cpu family	: 6
model		: 23
model name	: Intel(R) Core(TM)2 CPU         E8400  @ 3.00GHz
stepping	: 10
cpu MHz		: 3000.010
cache size	: 6144 KB
physical id	: 0
siblings	: 2
core id		: 0
cpu cores	: 2
apicid		: 0
initial apicid	: 0
fpu		: yes
fpu_exception	: yes
cpuid level	: 13
wp		: yes
flags		: fpu vme de pse tsc msr pae mce cx8 apic sep mtrr pge mca cmov pat pse36 clflush dts acpi mmx fxsr sse sse2 ss ht tm pbe syscall nx lm constant_tsc arch_perfmon pebs bts rep_good nopl aperfmperf pni monitor tm2 ssse3 lahf_lm dtherm
bogomips	: 6000.02
clflush size	: 64
cache_alignment	: 64
address sizes	: 36 bits physical, 48 bits virtual
power management:

processor	: 1
vendor_id	: GenuineIntel
cpu family	: 6
model		: 23
model name	: Intel(R) Core(TM)2 CPU         E8400  @ 3.00GHz
stepping	: 10
cpu MHz		: 3000.010
cache size	: 6144 KB
physical id	: 0
siblings	: 2
core id		: 1
cpu cores	: 2
apicid		: 1
initial apicid	: 1
fpu		: yes
fpu_exception	: yes
cpuid level	: 13
wp		: yes
flags		: fpu vme de pse tsc msr pae mce cx8 apic sep mtrr pge mca cmov pat pse36 clflush dts acpi mmx fxsr sse sse2 ss ht tm pbe syscall nx lm constant_tsc arch_perfmon pebs bts rep_good nopl aperfmperf pni monitor tm2 ssse3 lahf_lm dtherm
bogomips	: 6000.02
clflush size	: 64
cache_alignment	: 64
address sizes	: 36 bits physical, 48 bits virtual
power management:



Memory: 4k page, physical 2048600k(68256k free), swap 0k(0k free)

vm_info: Java HotSpot(TM) 64-Bit Server VM (25.25-b02) for linux-amd64 JRE (1.8.0_25-b17), built on Sep 17 2014 17:32:11 by "java_re" with gcc 4.3.0 20080428 (Red Hat 4.3.0-8)

time: Tue Jul  7 12:04:04 2015
elapsed time: 14 seconds (0d 0h 0m 14s)

