#
# There is insufficient memory for the Java Runtime Environment to continue.
# Native memory allocation (mmap) failed to map 48234496 bytes for committing reserved memory.
# Possible reasons:
#   The system is out of physical RAM or swap space
#   In 32 bit mode, the process size limit was hit
# Possible solutions:
#   Reduce memory load on the system
#   Increase physical memory or swap space
#   Check if swap backing store is full
#   Use 64 bit Java on a 64 bit OS
#   Decrease Java heap size (-Xmx/-Xms)
#   Decrease number of Java threads
#   Decrease Java thread stack sizes (-Xss)
#   Set larger code cache with -XX:ReservedCodeCacheSize=
# This output file may be truncated or incomplete.
#
#  Out of Memory Error (os_linux.cpp:2671), pid=4862, tid=140117749131008
#
# JRE version: Java(TM) SE Runtime Environment (8.0_25-b17) (build 1.8.0_25-b17)
# Java VM: Java HotSpot(TM) 64-Bit Server VM (25.25-b02 mixed mode linux-amd64 compressed oops)
# Failed to write core dump. Core dumps have been disabled. To enable core dumping, try "ulimit -c unlimited" before starting Java again
#

---------------  T H R E A D  ---------------

Current thread (0x00007f6fb006c800):  VMThread [stack: 0x00007f6fb499e000,0x00007f6fb4a9f000] [id=4869]

Stack: [0x00007f6fb499e000,0x00007f6fb4a9f000],  sp=0x00007f6fb4a9d170,  free space=1020k
Native frames: (J=compiled Java code, j=interpreted, Vv=VM code, C=native code)
V  [libjvm.so+0xa7923a]  VMError::report_and_die()+0x2ca
V  [libjvm.so+0x4e552b]  report_vm_out_of_memory(char const*, int, unsigned long, VMErrorType, char const*)+0x8b
V  [libjvm.so+0x8e5613]  os::Linux::commit_memory_impl(char*, unsigned long, bool)+0x103
V  [libjvm.so+0x8e5b69]  os::pd_commit_memory(char*, unsigned long, unsigned long, bool)+0x29
V  [libjvm.so+0x8df83a]  os::commit_memory(char*, unsigned long, unsigned long, bool)+0x2a
V  [libjvm.so+0x94f923]  PSVirtualSpace::expand_by(unsigned long)+0x53
V  [libjvm.so+0x940640]  PSOldGen::expand(unsigned long)+0x170
V  [libjvm.so+0x94084b]  PSOldGen::resize(unsigned long)+0x1cb
V  [libjvm.so+0x948441]  PSParallelCompact::invoke_no_policy(bool)+0x9d1
V  [libjvm.so+0x94da4d]  PSScavenge::invoke()+0x1ad
V  [libjvm.so+0x907800]  ParallelScavengeHeap::failed_mem_allocate(unsigned long)+0x70
V  [libjvm.so+0xa7a8b7]  VM_ParallelGCFailedAllocation::doit()+0x97
V  [libjvm.so+0xa81fd5]  VM_Operation::evaluate()+0x55
V  [libjvm.so+0xa803aa]  VMThread::evaluate_operation(VM_Operation*)+0xba
V  [libjvm.so+0xa8072e]  VMThread::loop()+0x1ce
V  [libjvm.so+0xa80ba0]  VMThread::run()+0x70
V  [libjvm.so+0x8e7d48]  java_start(Thread*)+0x108

VM_Operation (0x00007f6fb9d91520): ParallelGCFailedAllocation, mode: safepoint, requested by thread 0x00007f6fb0007800


---------------  P R O C E S S  ---------------

Java Threads: ( => current thread )
  0x00007f6fb00ac800 JavaThread "Service Thread" daemon [_thread_blocked, id=4875, stack(0x00007f6fb40cd000,0x00007f6fb41ce000)]
  0x00007f6fb00a7800 JavaThread "C1 CompilerThread1" daemon [_thread_blocked, id=4874, stack(0x00007f6fb41ce000,0x00007f6fb42cf000)]
  0x00007f6fb00a5000 JavaThread "C2 CompilerThread0" daemon [_thread_blocked, id=4873, stack(0x00007f6fb42cf000,0x00007f6fb43d0000)]
  0x00007f6fb00a3000 JavaThread "Signal Dispatcher" daemon [_thread_blocked, id=4872, stack(0x00007f6fb43d0000,0x00007f6fb44d1000)]
  0x00007f6fb0075800 JavaThread "Finalizer" daemon [_thread_blocked, id=4871, stack(0x00007f6fb479c000,0x00007f6fb489d000)]
  0x00007f6fb0073800 JavaThread "Reference Handler" daemon [_thread_blocked, id=4870, stack(0x00007f6fb489d000,0x00007f6fb499e000)]
  0x00007f6fb0007800 JavaThread "main" [_thread_blocked, id=4866, stack(0x00007f6fb9c92000,0x00007f6fb9d93000)]

Other Threads:
=>0x00007f6fb006c800 VMThread [stack: 0x00007f6fb499e000,0x00007f6fb4a9f000] [id=4869]
  0x00007f6fb00b9800 WatcherThread [stack: 0x00007f6fa0eff000,0x00007f6fa1000000] [id=4876]

VM state:at safepoint (normal execution)

VM Mutex/Monitor currently owned by a thread:  ([mutex/lock_event])
[0x00007f6fb00057e0] ExpandHeap_lock - owner thread: 0x00007f6fb006c800
[0x00007f6fb0005e60] Threads_lock - owner thread: 0x00007f6fb006c800
[0x00007f6fb0006360] Heap_lock - owner thread: 0x00007f6fb0007800

Heap:
 PSYoungGen      total 64512K, used 23483K [0x00000000f5900000, 0x00000000fd780000, 0x0000000100000000)
  eden space 28672K, 0% used [0x00000000f5900000,0x00000000f5900000,0x00000000f7500000)
  from space 35840K, 65% used [0x00000000fa100000,0x00000000fb7eefb8,0x00000000fc400000)
  to   space 45056K, 0% used [0x00000000f7500000,0x00000000f7500000,0x00000000fa100000)
 ParOldGen       total 97792K, used 97575K [0x00000000e0a00000, 0x00000000e6980000, 0x00000000f5900000)
  object space 97792K, 99% used [0x00000000e0a00000,0x00000000e6949f30,0x00000000e6980000)
 Metaspace       used 3869K, capacity 4614K, committed 4864K, reserved 1056768K
  class space    used 408K, capacity 430K, committed 512K, reserved 1048576K

Card table byte_map: [0x00007f6fb71fb000,0x00007f6fb72f7000] byte_map_base: 0x00007f6fb6af6000

Marking Bits: (ParMarkBitMap*) 0x00007f6fb91752c0
 Begin Bits: [0x00007f6fb5fa1000, 0x00007f6fb6779000)
 End Bits:   [0x00007f6fb6779000, 0x00007f6fb6f51000)

Polling page: 0x00007f6fb9dbc000

CodeCache: size=245760Kb used=2067Kb max_used=2067Kb free=243692Kb
 bounds [0x00007f6fa1000000, 0x00007f6fa1270000, 0x00007f6fb0000000]
 total_blobs=555 nmethods=299 adapters=170
 compilation: enabled

Compilation events (10 events):
Event: 8,173 Thread 0x00007f6fb00a5000 nmethod 308 0x00007f6fa11fdd10 code [0x00007f6fa11fe260, 0x00007f6fa1201388]
Event: 8,173 Thread 0x00007f6fb00a5000  316       4       java.text.DateFormatSymbols::getProviderInstance (37 bytes)
Event: 8,460 Thread 0x00007f6fb00a5000 nmethod 316 0x00007f6fa11fb1d0 code [0x00007f6fa11fb460, 0x00007f6fa11fc490]
Event: 8,460 Thread 0x00007f6fb00a5000  312       4       java.util.Calendar$Builder::build (635 bytes)
Event: 8,496 Thread 0x00007f6fb00a5000 nmethod 312 0x00007f6fa11f1e50 code [0x00007f6fa11f2140, 0x00007f6fa11f3498]
Event: 8,496 Thread 0x00007f6fb00a5000  306       4       utfpr.ct.dainf.if62c.avaliacao.ProcessaLancamentos::processaLinha (183 bytes)
Event: 8,610 Thread 0x00007f6fb00a7800  326 %     3       utfpr.ct.dainf.if62c.avaliacao.ProcessaLancamentos::getLancamentos @ 16 (55 bytes)
Event: 8,611 Thread 0x00007f6fb00a7800 nmethod 326% 0x00007f6fa11f1010 code [0x00007f6fa11f1220, 0x00007f6fa11f1998]
Event: 8,614 Thread 0x00007f6fb00a7800  327       3       utfpr.ct.dainf.if62c.avaliacao.ProcessaLancamentos::getLancamentos (55 bytes)
Event: 8,615 Thread 0x00007f6fb00a7800 nmethod 327 0x00007f6fa11e99d0 code [0x00007f6fa11e9c20, 0x00007f6fa11ea658]

GC Heap History (10 events):
Event: 8,253 GC heap after
Heap after GC invocations=9 (full 2):
 PSYoungGen      total 40448K, used 13817K [0x00000000f5900000, 0x00000000fa580000, 0x0000000100000000)
  eden space 26624K, 0% used [0x00000000f5900000,0x00000000f5900000,0x00000000f7300000)
  from space 13824K, 99% used [0x00000000f7300000,0x00000000f807e520,0x00000000f8080000)
  to   space 23040K, 0% used [0x00000000f8f00000,0x00000000f8f00000,0x00000000fa580000)
 ParOldGen       total 60416K, used 48428K [0x00000000e0a00000, 0x00000000e4500000, 0x00000000f5900000)
  object space 60416K, 80% used [0x00000000e0a00000,0x00000000e394b3d8,0x00000000e4500000)
 Metaspace       used 3866K, capacity 4614K, committed 4864K, reserved 1056768K
  class space    used 408K, capacity 430K, committed 512K, reserved 1048576K
}
Event: 8,253 GC heap before
{Heap before GC invocations=10 (full 3):
 PSYoungGen      total 40448K, used 13817K [0x00000000f5900000, 0x00000000fa580000, 0x0000000100000000)
  eden space 26624K, 0% used [0x00000000f5900000,0x00000000f5900000,0x00000000f7300000)
  from space 13824K, 99% used [0x00000000f7300000,0x00000000f807e520,0x00000000f8080000)
  to   space 23040K, 0% used [0x00000000f8f00000,0x00000000f8f00000,0x00000000fa580000)
 ParOldGen       total 60416K, used 48428K [0x00000000e0a00000, 0x00000000e4500000, 0x00000000f5900000)
  object space 60416K, 80% used [0x00000000e0a00000,0x00000000e394b3d8,0x00000000e4500000)
 Metaspace       used 3866K, capacity 4614K, committed 4864K, reserved 1056768K
  class space    used 408K, capacity 430K, committed 512K, reserved 1048576K
Event: 8,458 GC heap after
Heap after GC invocations=10 (full 3):
 PSYoungGen      total 40448K, used 2038K [0x00000000f5900000, 0x00000000fa580000, 0x0000000100000000)
  eden space 26624K, 0% used [0x00000000f5900000,0x00000000f5900000,0x00000000f7300000)
  from space 13824K, 14% used [0x00000000f7300000,0x00000000f74fd830,0x00000000f8080000)
  to   space 23040K, 0% used [0x00000000f8f00000,0x00000000f8f00000,0x00000000fa580000)
 ParOldGen       total 97792K, used 60079K [0x00000000e0a00000, 0x00000000e6980000, 0x00000000f5900000)
  object space 97792K, 61% used [0x00000000e0a00000,0x00000000e44abf58,0x00000000e6980000)
 Metaspace       used 3866K, capacity 4614K, committed 4864K, reserved 1056768K
  class space    used 408K, capacity 430K, committed 512K, reserved 1048576K
}
Event: 8,517 GC heap before
{Heap before GC invocations=11 (full 3):
 PSYoungGen      total 40448K, used 28662K [0x00000000f5900000, 0x00000000fa580000, 0x0000000100000000)
  eden space 26624K, 100% used [0x00000000f5900000,0x00000000f7300000,0x00000000f7300000)
  from space 13824K, 14% used [0x00000000f7300000,0x00000000f74fd830,0x00000000f8080000)
  to   space 23040K, 0% used [0x00000000f8f00000,0x00000000f8f00000,0x00000000fa580000)
 ParOldGen       total 97792K, used 60079K [0x00000000e0a00000, 0x00000000e6980000, 0x00000000f5900000)
  object space 97792K, 61% used [0x00000000e0a00000,0x00000000e44abf58,0x00000000e6980000)
 Metaspace       used 3866K, capacity 4614K, committed 4864K, reserved 1056768K
  class space    used 408K, capacity 430K, committed 512K, reserved 1048576K
Event: 8,577 GC heap after
Heap after GC invocations=11 (full 3):
 PSYoungGen      total 52736K, used 20501K [0x00000000f5900000, 0x00000000fae80000, 0x0000000100000000)
  eden space 29696K, 0% used [0x00000000f5900000,0x00000000f5900000,0x00000000f7600000)
  from space 23040K, 88% used [0x00000000f8f00000,0x00000000fa3057a0,0x00000000fa580000)
  to   space 25600K, 0% used [0x00000000f7600000,0x00000000f7600000,0x00000000f8f00000)
 ParOldGen       total 97792K, used 60079K [0x00000000e0a00000, 0x00000000e6980000, 0x00000000f5900000)
  object space 97792K, 61% used [0x00000000e0a00000,0x00000000e44abf58,0x00000000e6980000)
 Metaspace       used 3866K, capacity 4614K, committed 4864K, reserved 1056768K
  class space    used 408K, capacity 430K, committed 512K, reserved 1048576K
}
Event: 8,634 GC heap before
{Heap before GC invocations=12 (full 3):
 PSYoungGen      total 52736K, used 50197K [0x00000000f5900000, 0x00000000fae80000, 0x0000000100000000)
  eden space 29696K, 100% used [0x00000000f5900000,0x00000000f7600000,0x00000000f7600000)
  from space 23040K, 88% used [0x00000000f8f00000,0x00000000fa3057a0,0x00000000fa580000)
  to   space 25600K, 0% used [0x00000000f7600000,0x00000000f7600000,0x00000000f8f00000)
 ParOldGen       total 97792K, used 60079K [0x00000000e0a00000, 0x00000000e6980000, 0x00000000f5900000)
  object space 97792K, 61% used [0x00000000e0a00000,0x00000000e44abf58,0x00000000e6980000)
 Metaspace       used 3869K, capacity 4614K, committed 4864K, reserved 1056768K
  class space    used 408K, capacity 430K, committed 512K, reserved 1048576K
Event: 8,710 GC heap after
Heap after GC invocations=12 (full 3):
 PSYoungGen      total 55296K, used 25589K [0x00000000f5900000, 0x00000000fc400000, 0x0000000100000000)
  eden space 29696K, 0% used [0x00000000f5900000,0x00000000f5900000,0x00000000f7600000)
  from space 25600K, 99% used [0x00000000f7600000,0x00000000f8efd7a0,0x00000000f8f00000)
  to   space 35840K, 0% used [0x00000000fa100000,0x00000000fa100000,0x00000000fc400000)
 ParOldGen       total 97792K, used 75511K [0x00000000e0a00000, 0x00000000e6980000, 0x00000000f5900000)
  object space 97792K, 77% used [0x00000000e0a00000,0x00000000e53bdf58,0x00000000e6980000)
 Metaspace       used 3869K, capacity 4614K, committed 4864K, reserved 1056768K
  class space    used 408K, capacity 430K, committed 512K, reserved 1048576K
}
Event: 8,764 GC heap before
{Heap before GC invocations=13 (full 3):
 PSYoungGen      total 55296K, used 55285K [0x00000000f5900000, 0x00000000fc400000, 0x0000000100000000)
  eden space 29696K, 100% used [0x00000000f5900000,0x00000000f7600000,0x00000000f7600000)
  from space 25600K, 99% used [0x00000000f7600000,0x00000000f8efd7a0,0x00000000f8f00000)
  to   space 35840K, 0% used [0x00000000fa100000,0x00000000fa100000,0x00000000fc400000)
 ParOldGen       total 97792K, used 75511K [0x00000000e0a00000, 0x00000000e6980000, 0x00000000f5900000)
  object space 97792K, 77% used [0x00000000e0a00000,0x00000000e53bdf58,0x00000000e6980000)
 Metaspace       used 3869K, capacity 4614K, committed 4864K, reserved 1056768K
  class space    used 408K, capacity 430K, committed 512K, reserved 1048576K
Event: 12,012 GC heap after
Heap after GC invocations=13 (full 3):
 PSYoungGen      total 64512K, used 35808K [0x00000000f5900000, 0x00000000fd780000, 0x0000000100000000)
  eden space 28672K, 0% used [0x00000000f5900000,0x00000000f5900000,0x00000000f7500000)
  from space 35840K, 99% used [0x00000000fa100000,0x00000000fc3f8368,0x00000000fc400000)
  to   space 45056K, 0% used [0x00000000f7500000,0x00000000f7500000,0x00000000fa100000)
 ParOldGen       total 97792K, used 85671K [0x00000000e0a00000, 0x00000000e6980000, 0x00000000f5900000)
  object space 97792K, 87% used [0x00000000e0a00000,0x00000000e5da9f58,0x00000000e6980000)
 Metaspace       used 3869K, capacity 4614K, committed 4864K, reserved 1056768K
  class space    used 408K, capacity 430K, committed 512K, reserved 1048576K
}
Event: 14,337 GC heap before
{Heap before GC invocations=14 (full 4):
 PSYoungGen      total 64512K, used 35808K [0x00000000f5900000, 0x00000000fd780000, 0x0000000100000000)
  eden space 28672K, 0% used [0x00000000f5900000,0x00000000f5900000,0x00000000f7500000)
  from space 35840K, 99% used [0x00000000fa100000,0x00000000fc3f8368,0x00000000fc400000)
  to   space 45056K, 0% used [0x00000000f7500000,0x00000000f7500000,0x00000000fa100000)
 ParOldGen       total 97792K, used 85671K [0x00000000e0a00000, 0x00000000e6980000, 0x00000000f5900000)
  object space 97792K, 87% used [0x00000000e0a00000,0x00000000e5da9f58,0x00000000e6980000)
 Metaspace       used 3869K, capacity 4614K, committed 4864K, reserved 1056768K
  class space    used 408K, capacity 430K, committed 512K, reserved 1048576K

Deoptimization events (0 events):
No events

Internal exceptions (9 events):
Event: 0,024 Thread 0x00007f6fb0007800 Exception <a 'java/lang/NoSuchMethodError': Method sun.misc.Unsafe.defineClass(Ljava/lang/String;[BII)Ljava/lang/Class; name or signature does not match> (0x00000000f5911b38) thrown at [/HUDSON/workspace/8-2-build-linux-amd64/jdk8u25/1514/hotspot/src/shar
Event: 0,024 Thread 0x00007f6fb0007800 Exception <a 'java/lang/NoSuchMethodError': Method sun.misc.Unsafe.prefetchRead(Ljava/lang/Object;J)V name or signature does not match> (0x00000000f5911dc8) thrown at [/HUDSON/workspace/8-2-build-linux-amd64/jdk8u25/1514/hotspot/src/share/vm/prims/jni.cpp
Event: 0,052 Thread 0x00007f6fb0007800 Exception <a 'java/security/PrivilegedActionException'> (0x00000000f5980af0) thrown at [/HUDSON/workspace/8-2-build-linux-amd64/jdk8u25/1514/hotspot/src/share/vm/prims/jvm.cpp, line 1312]
Event: 0,107 Thread 0x00007f6fb0007800 Exception <a 'java/security/PrivilegedActionException'> (0x00000000f59aae20) thrown at [/HUDSON/workspace/8-2-build-linux-amd64/jdk8u25/1514/hotspot/src/share/vm/prims/jvm.cpp, line 1312]
Event: 0,107 Thread 0x00007f6fb0007800 Exception <a 'java/security/PrivilegedActionException'> (0x00000000f59ab168) thrown at [/HUDSON/workspace/8-2-build-linux-amd64/jdk8u25/1514/hotspot/src/share/vm/prims/jvm.cpp, line 1312]
Event: 0,108 Thread 0x00007f6fb0007800 Exception <a 'java/security/PrivilegedActionException'> (0x00000000f59ad688) thrown at [/HUDSON/workspace/8-2-build-linux-amd64/jdk8u25/1514/hotspot/src/share/vm/prims/jvm.cpp, line 1312]
Event: 0,108 Thread 0x00007f6fb0007800 Exception <a 'java/security/PrivilegedActionException'> (0x00000000f59ad9d0) thrown at [/HUDSON/workspace/8-2-build-linux-amd64/jdk8u25/1514/hotspot/src/share/vm/prims/jvm.cpp, line 1312]
Event: 6,804 Thread 0x00007f6fb0007800 Exception <a 'java/security/PrivilegedActionException'> (0x00000000f5a379b8) thrown at [/HUDSON/workspace/8-2-build-linux-amd64/jdk8u25/1514/hotspot/src/share/vm/prims/jvm.cpp, line 1312]
Event: 6,857 Thread 0x00007f6fb0007800 Exception <a 'java/security/PrivilegedActionException'> (0x00000000f5a42c18) thrown at [/HUDSON/workspace/8-2-build-linux-amd64/jdk8u25/1514/hotspot/src/share/vm/prims/jvm.cpp, line 1312]

Events (10 events):
Event: 8,023 Executing VM operation: ParallelGCFailedAllocation done
Event: 8,083 Executing VM operation: ParallelGCFailedAllocation
Event: 8,115 Executing VM operation: ParallelGCFailedAllocation done
Event: 8,191 Executing VM operation: ParallelGCFailedAllocation
Event: 8,458 Executing VM operation: ParallelGCFailedAllocation done
Event: 8,517 Executing VM operation: ParallelGCFailedAllocation
Event: 8,577 Executing VM operation: ParallelGCFailedAllocation done
Event: 8,634 Executing VM operation: ParallelGCFailedAllocation
Event: 8,711 Executing VM operation: ParallelGCFailedAllocation done
Event: 8,764 Executing VM operation: ParallelGCFailedAllocation


Dynamic libraries:
00400000-00401000 r-xp 00000000 08:01 13633460                           /usr/lib/jvm/java-8-oracle/bin/java
00600000-00601000 rw-p 00000000 08:01 13633460                           /usr/lib/jvm/java-8-oracle/bin/java
01aee000-01b0f000 rw-p 00000000 00:00 0                                  [heap]
e0a00000-e6980000 rw-p 00000000 00:00 0 
e9780000-f5900000 ---p 00000000 00:00 0 
f5900000-fd780000 rw-p 00000000 00:00 0 
fd780000-100000000 ---p 00000000 00:00 0 
100000000-100080000 rw-p 00000000 00:00 0 
100080000-140000000 ---p 00000000 00:00 0 
7f6f74000000-7f6f74021000 rw-p 00000000 00:00 0 
7f6f74021000-7f6f78000000 ---p 00000000 00:00 0 
7f6f78000000-7f6f78021000 rw-p 00000000 00:00 0 
7f6f78021000-7f6f7c000000 ---p 00000000 00:00 0 
7f6f7c000000-7f6f7c62d000 rw-p 00000000 00:00 0 
7f6f7c62d000-7f6f80000000 ---p 00000000 00:00 0 
7f6f80000000-7f6f8033c000 rw-p 00000000 00:00 0 
7f6f8033c000-7f6f84000000 ---p 00000000 00:00 0 
7f6f84000000-7f6f84021000 rw-p 00000000 00:00 0 
7f6f84021000-7f6f88000000 ---p 00000000 00:00 0 
7f6f88000000-7f6f88021000 rw-p 00000000 00:00 0 
7f6f88021000-7f6f8c000000 ---p 00000000 00:00 0 
7f6f8c000000-7f6f8c293000 rw-p 00000000 00:00 0 
7f6f8c293000-7f6f90000000 ---p 00000000 00:00 0 
7f6f90000000-7f6f90021000 rw-p 00000000 00:00 0 
7f6f90021000-7f6f94000000 ---p 00000000 00:00 0 
7f6f94000000-7f6f94021000 rw-p 00000000 00:00 0 
7f6f94021000-7f6f98000000 ---p 00000000 00:00 0 
7f6f9c000000-7f6f9c021000 rw-p 00000000 00:00 0 
7f6f9c021000-7f6fa0000000 ---p 00000000 00:00 0 
7f6fa0eff000-7f6fa0f00000 ---p 00000000 00:00 0 
7f6fa0f00000-7f6fa1000000 rw-p 00000000 00:00 0                          [stack:4876]
7f6fa1000000-7f6fa1270000 rwxp 00000000 00:00 0 
7f6fa1270000-7f6fb0000000 ---p 00000000 00:00 0 
7f6fb0000000-7f6fb037d000 rw-p 00000000 00:00 0 
7f6fb037d000-7f6fb4000000 ---p 00000000 00:00 0 
7f6fb40ab000-7f6fb40cd000 r--p 00000000 08:01 11414810                   /usr/share/locale-langpack/pt_BR/LC_MESSAGES/libc.mo
7f6fb40cd000-7f6fb40d0000 ---p 00000000 00:00 0 
7f6fb40d0000-7f6fb41ce000 rw-p 00000000 00:00 0                          [stack:4875]
7f6fb41ce000-7f6fb41d1000 ---p 00000000 00:00 0 
7f6fb41d1000-7f6fb42cf000 rw-p 00000000 00:00 0                          [stack:4874]
7f6fb42cf000-7f6fb42d2000 ---p 00000000 00:00 0 
7f6fb42d2000-7f6fb43d0000 rw-p 00000000 00:00 0                          [stack:4873]
7f6fb43d0000-7f6fb43d3000 ---p 00000000 00:00 0 
7f6fb43d3000-7f6fb44d1000 rw-p 00000000 00:00 0                          [stack:4872]
7f6fb44d1000-7f6fb479c000 r--p 00000000 08:01 10229786                   /usr/lib/locale/locale-archive
7f6fb479c000-7f6fb479f000 ---p 00000000 00:00 0 
7f6fb479f000-7f6fb489d000 rw-p 00000000 00:00 0                          [stack:4871]
7f6fb489d000-7f6fb48a0000 ---p 00000000 00:00 0 
7f6fb48a0000-7f6fb499e000 rw-p 00000000 00:00 0                          [stack:4870]
7f6fb499e000-7f6fb499f000 ---p 00000000 00:00 0 
7f6fb499f000-7f6fb545a000 rw-p 00000000 00:00 0                          [stack:4869]
7f6fb545a000-7f6fb5630000 r--s 03caa000 08:01 11144759                   /usr/lib/jvm/java-8-oracle/jre/lib/rt.jar
7f6fb5630000-7f6fb5ae6000 rw-p 00000000 00:00 0 
7f6fb5ae6000-7f6fb5ea6000 ---p 00000000 00:00 0 
7f6fb5ea6000-7f6fb6f51000 rw-p 00000000 00:00 0 
7f6fb6f51000-7f6fb6f52000 ---p 00000000 00:00 0 
7f6fb6f52000-7f6fb7052000 rw-p 00000000 00:00 0                          [stack:4868]
7f6fb7052000-7f6fb7053000 ---p 00000000 00:00 0 
7f6fb7053000-7f6fb7183000 rw-p 00000000 00:00 0                          [stack:4867]
7f6fb7183000-7f6fb71fb000 ---p 00000000 00:00 0 
7f6fb71fb000-7f6fb722b000 rw-p 00000000 00:00 0 
7f6fb722b000-7f6fb72a2000 ---p 00000000 00:00 0 
7f6fb72a2000-7f6fb72e2000 rw-p 00000000 00:00 0 
7f6fb72e2000-7f6fb72f6000 ---p 00000000 00:00 0 
7f6fb72f6000-7f6fb7301000 rw-p 00000000 00:00 0 
7f6fb7301000-7f6fb76b7000 ---p 00000000 00:00 0 
7f6fb76b7000-7f6fb76d1000 r-xp 00000000 08:01 13633358                   /usr/lib/jvm/java-8-oracle/jre/lib/amd64/libzip.so
7f6fb76d1000-7f6fb78d1000 ---p 0001a000 08:01 13633358                   /usr/lib/jvm/java-8-oracle/jre/lib/amd64/libzip.so
7f6fb78d1000-7f6fb78d2000 rw-p 0001a000 08:01 13633358                   /usr/lib/jvm/java-8-oracle/jre/lib/amd64/libzip.so
7f6fb78d2000-7f6fb78fc000 r-xp 00000000 08:01 13633368                   /usr/lib/jvm/java-8-oracle/jre/lib/amd64/libjava.so
7f6fb78fc000-7f6fb7afc000 ---p 0002a000 08:01 13633368                   /usr/lib/jvm/java-8-oracle/jre/lib/amd64/libjava.so
7f6fb7afc000-7f6fb7afe000 rw-p 0002a000 08:01 13633368                   /usr/lib/jvm/java-8-oracle/jre/lib/amd64/libjava.so
7f6fb7afe000-7f6fb7b0b000 r-xp 00000000 08:01 13633383                   /usr/lib/jvm/java-8-oracle/jre/lib/amd64/libverify.so
7f6fb7b0b000-7f6fb7d0b000 ---p 0000d000 08:01 13633383                   /usr/lib/jvm/java-8-oracle/jre/lib/amd64/libverify.so
7f6fb7d0b000-7f6fb7d0d000 rw-p 0000d000 08:01 13633383                   /usr/lib/jvm/java-8-oracle/jre/lib/amd64/libverify.so
7f6fb7d0d000-7f6fb7d14000 r-xp 00000000 08:01 6554652                    /lib/x86_64-linux-gnu/librt-2.19.so
7f6fb7d14000-7f6fb7f13000 ---p 00007000 08:01 6554652                    /lib/x86_64-linux-gnu/librt-2.19.so
7f6fb7f13000-7f6fb7f14000 r--p 00006000 08:01 6554652                    /lib/x86_64-linux-gnu/librt-2.19.so
7f6fb7f14000-7f6fb7f15000 rw-p 00007000 08:01 6554652                    /lib/x86_64-linux-gnu/librt-2.19.so
7f6fb7f15000-7f6fb801a000 r-xp 00000000 08:01 6554590                    /lib/x86_64-linux-gnu/libm-2.19.so
7f6fb801a000-7f6fb8219000 ---p 00105000 08:01 6554590                    /lib/x86_64-linux-gnu/libm-2.19.so
7f6fb8219000-7f6fb821a000 r--p 00104000 08:01 6554590                    /lib/x86_64-linux-gnu/libm-2.19.so
7f6fb821a000-7f6fb821b000 rw-p 00105000 08:01 6554590                    /lib/x86_64-linux-gnu/libm-2.19.so
7f6fb821b000-7f6fb8e88000 r-xp 00000000 08:01 13633399                   /usr/lib/jvm/java-8-oracle/jre/lib/amd64/server/libjvm.so
7f6fb8e88000-7f6fb9087000 ---p 00c6d000 08:01 13633399                   /usr/lib/jvm/java-8-oracle/jre/lib/amd64/server/libjvm.so
7f6fb9087000-7f6fb915d000 rw-p 00c6c000 08:01 13633399                   /usr/lib/jvm/java-8-oracle/jre/lib/amd64/server/libjvm.so
7f6fb915d000-7f6fb91a0000 rw-p 00000000 00:00 0 
7f6fb91a0000-7f6fb935b000 r-xp 00000000 08:01 6554642                    /lib/x86_64-linux-gnu/libc-2.19.so
7f6fb935b000-7f6fb955b000 ---p 001bb000 08:01 6554642                    /lib/x86_64-linux-gnu/libc-2.19.so
7f6fb955b000-7f6fb955f000 r--p 001bb000 08:01 6554642                    /lib/x86_64-linux-gnu/libc-2.19.so
7f6fb955f000-7f6fb9561000 rw-p 001bf000 08:01 6554642                    /lib/x86_64-linux-gnu/libc-2.19.so
7f6fb9561000-7f6fb9566000 rw-p 00000000 00:00 0 
7f6fb9566000-7f6fb9569000 r-xp 00000000 08:01 6554615                    /lib/x86_64-linux-gnu/libdl-2.19.so
7f6fb9569000-7f6fb9768000 ---p 00003000 08:01 6554615                    /lib/x86_64-linux-gnu/libdl-2.19.so
7f6fb9768000-7f6fb9769000 r--p 00002000 08:01 6554615                    /lib/x86_64-linux-gnu/libdl-2.19.so
7f6fb9769000-7f6fb976a000 rw-p 00003000 08:01 6554615                    /lib/x86_64-linux-gnu/libdl-2.19.so
7f6fb976a000-7f6fb977f000 r-xp 00000000 08:01 10885127                   /usr/lib/jvm/java-8-oracle/lib/amd64/jli/libjli.so
7f6fb977f000-7f6fb997e000 ---p 00015000 08:01 10885127                   /usr/lib/jvm/java-8-oracle/lib/amd64/jli/libjli.so
7f6fb997e000-7f6fb997f000 rw-p 00014000 08:01 10885127                   /usr/lib/jvm/java-8-oracle/lib/amd64/jli/libjli.so
7f6fb997f000-7f6fb9998000 r-xp 00000000 08:01 6554599                    /lib/x86_64-linux-gnu/libpthread-2.19.so
7f6fb9998000-7f6fb9b97000 ---p 00019000 08:01 6554599                    /lib/x86_64-linux-gnu/libpthread-2.19.so
7f6fb9b97000-7f6fb9b98000 r--p 00018000 08:01 6554599                    /lib/x86_64-linux-gnu/libpthread-2.19.so
7f6fb9b98000-7f6fb9b99000 rw-p 00019000 08:01 6554599                    /lib/x86_64-linux-gnu/libpthread-2.19.so
7f6fb9b99000-7f6fb9b9d000 rw-p 00000000 00:00 0 
7f6fb9b9d000-7f6fb9bc0000 r-xp 00000000 08:01 6554622                    /lib/x86_64-linux-gnu/ld-2.19.so
7f6fb9bda000-7f6fb9c5d000 rw-p 00000000 00:00 0 
7f6fb9c5d000-7f6fb9c92000 r--s 00000000 08:01 8665806                    /var/cache/nscd/passwd
7f6fb9c92000-7f6fb9c95000 ---p 00000000 00:00 0 
7f6fb9c95000-7f6fb9d98000 rw-p 00000000 00:00 0                          [stack:4866]
7f6fb9d98000-7f6fb9d9f000 r--s 00000000 08:01 10624479                   /usr/lib/x86_64-linux-gnu/gconv/gconv-modules.cache
7f6fb9d9f000-7f6fb9da9000 r--s 00116000 08:01 11276583                   /usr/lib/jvm/java-8-oracle/jre/lib/ext/localedata.jar
7f6fb9da9000-7f6fb9db3000 rw-p 00000000 00:00 0 
7f6fb9db3000-7f6fb9dbb000 rw-s 00000000 08:01 2628991                    /tmp/hsperfdata_a1237365/4862
7f6fb9dbb000-7f6fb9dbc000 rw-p 00000000 00:00 0 
7f6fb9dbc000-7f6fb9dbd000 ---p 00000000 00:00 0 
7f6fb9dbd000-7f6fb9dbf000 rw-p 00000000 00:00 0 
7f6fb9dbf000-7f6fb9dc0000 r--p 00022000 08:01 6554622                    /lib/x86_64-linux-gnu/ld-2.19.so
7f6fb9dc0000-7f6fb9dc1000 rw-p 00023000 08:01 6554622                    /lib/x86_64-linux-gnu/ld-2.19.so
7f6fb9dc1000-7f6fb9dc2000 rw-p 00000000 00:00 0 
7fff1dc46000-7fff1dc67000 rw-p 00000000 00:00 0                          [stack]
7fff1dce2000-7fff1dce4000 r-xp 00000000 00:00 0                          [vdso]
ffffffffff600000-ffffffffff601000 r-xp 00000000 00:00 0                  [vsyscall]

VM Arguments:
java_command: Avaliacao3
java_class_path (initial): /home/todos/alunos/ct/a1237365/NetBeansProjects/fp2-avaliacao3-2015-1/target/classes
Launcher Type: SUN_STANDARD

Environment Variables:
JAVA_HOME=/usr/lib/jvm/java-8-oracle
PATH=/usr/local/sbin:/usr/local/bin:/usr/sbin:/usr/bin:/sbin:/bin:/usr/games:/usr/local/games:/usr/lib/jvm/java-8-oracle/bin:/usr/lib/jvm/java-8-oracle/db/bin:/usr/lib/jvm/java-8-oracle/jre/bin
USERNAME=a1237365
LD_LIBRARY_PATH=/usr/lib/jvm/java-8-oracle/jre/lib/amd64:/usr/lib/jvm/java-8-oracle/jre/lib/i386:
SHELL=/bin/bash
DISPLAY=:0.0

Signal Handlers:
SIGSEGV: [libjvm.so+0xa79a80], sa_mask[0]=11111111011111111101111111111110, sa_flags=SA_RESTART|SA_SIGINFO
SIGBUS: [libjvm.so+0xa79a80], sa_mask[0]=11111111011111111101111111111110, sa_flags=SA_RESTART|SA_SIGINFO
SIGFPE: [libjvm.so+0x8e24e0], sa_mask[0]=11111111011111111101111111111110, sa_flags=SA_RESTART|SA_SIGINFO
SIGPIPE: [libjvm.so+0x8e24e0], sa_mask[0]=11111111011111111101111111111110, sa_flags=SA_RESTART|SA_SIGINFO
SIGXFSZ: [libjvm.so+0x8e24e0], sa_mask[0]=11111111011111111101111111111110, sa_flags=SA_RESTART|SA_SIGINFO
SIGILL: [libjvm.so+0x8e24e0], sa_mask[0]=11111111011111111101111111111110, sa_flags=SA_RESTART|SA_SIGINFO
SIGUSR1: SIG_DFL, sa_mask[0]=00000000000000000000000000000000, sa_flags=none
SIGUSR2: [libjvm.so+0x8e3d10], sa_mask[0]=00100000000000000000000000000000, sa_flags=SA_RESTART|SA_SIGINFO
SIGHUP: [libjvm.so+0x8e50d0], sa_mask[0]=11111111011111111101111111111110, sa_flags=SA_RESTART|SA_SIGINFO
SIGINT: SIG_IGN, sa_mask[0]=00000000000000000000000000000000, sa_flags=none
SIGTERM: [libjvm.so+0x8e50d0], sa_mask[0]=11111111011111111101111111111110, sa_flags=SA_RESTART|SA_SIGINFO
SIGQUIT: [libjvm.so+0x8e50d0], sa_mask[0]=11111111011111111101111111111110, sa_flags=SA_RESTART|SA_SIGINFO


---------------  S Y S T E M  ---------------

OS:DISTRIB_ID=LinuxMint
DISTRIB_RELEASE=17.1
DISTRIB_CODENAME=rebecca
DISTRIB_DESCRIPTION="Linux Mint 17.1 Rebecca"

uname:Linux 3.13.0-37-generic #64-Ubuntu SMP Mon Sep 22 21:28:38 UTC 2014 x86_64
libc:glibc 2.19 NPTL 2.19 
rlimit: STACK 8192k, CORE 0k, NPROC 15764, NOFILE 4096, AS infinity
load average:5,25 1,61 0,84

/proc/meminfo:
MemTotal:        2048600 kB
MemFree:           74036 kB
Buffers:            1060 kB
Cached:            62052 kB
SwapCached:            0 kB
Active:          1775632 kB
Inactive:          61116 kB
Active(anon):    1774712 kB
Inactive(anon):    26532 kB
Active(file):        920 kB
Inactive(file):    34584 kB
Unevictable:           0 kB
Mlocked:               0 kB
SwapTotal:             0 kB
SwapFree:              0 kB
Dirty:                96 kB
Writeback:             0 kB
AnonPages:       1773696 kB
Mapped:            56868 kB
Shmem:             27548 kB
Slab:              41400 kB
SReclaimable:      18444 kB
SUnreclaim:        22956 kB
KernelStack:        3736 kB
PageTables:        23928 kB
NFS_Unstable:          0 kB
Bounce:                0 kB
WritebackTmp:          0 kB
CommitLimit:     1024300 kB
Committed_AS:    3975708 kB
VmallocTotal:   34359738367 kB
VmallocUsed:      302712 kB
VmallocChunk:   34359428604 kB
HardwareCorrupted:     0 kB
AnonHugePages:    761856 kB
HugePages_Total:       0
HugePages_Free:        0
HugePages_Rsvd:        0
HugePages_Surp:        0
Hugepagesize:       2048 kB
DirectMap4k:      103296 kB
DirectMap2M:     1992704 kB


CPU:total 2 (2 cores per cpu, 1 threads per core) family 6 model 23 stepping 10, cmov, cx8, fxsr, mmx, sse, sse2, sse3, ssse3, tsc

/proc/cpuinfo:
processor	: 0
vendor_id	: GenuineIntel
cpu family	: 6
model		: 23
model name	: Intel(R) Core(TM)2 CPU         E8400  @ 3.00GHz
stepping	: 10
cpu MHz		: 3000.010
cache size	: 6144 KB
physical id	: 0
siblings	: 2
core id		: 0
cpu cores	: 2
apicid		: 0
initial apicid	: 0
fpu		: yes
fpu_exception	: yes
cpuid level	: 13
wp		: yes
flags		: fpu vme de pse tsc msr pae mce cx8 apic sep mtrr pge mca cmov pat pse36 clflush dts acpi mmx fxsr sse sse2 ss ht tm pbe syscall nx lm constant_tsc arch_perfmon pebs bts rep_good nopl aperfmperf pni monitor tm2 ssse3 lahf_lm dtherm
bogomips	: 6000.02
clflush size	: 64
cache_alignment	: 64
address sizes	: 36 bits physical, 48 bits virtual
power management:

processor	: 1
vendor_id	: GenuineIntel
cpu family	: 6
model		: 23
model name	: Intel(R) Core(TM)2 CPU         E8400  @ 3.00GHz
stepping	: 10
cpu MHz		: 3000.010
cache size	: 6144 KB
physical id	: 0
siblings	: 2
core id		: 1
cpu cores	: 2
apicid		: 1
initial apicid	: 1
fpu		: yes
fpu_exception	: yes
cpuid level	: 13
wp		: yes
flags		: fpu vme de pse tsc msr pae mce cx8 apic sep mtrr pge mca cmov pat pse36 clflush dts acpi mmx fxsr sse sse2 ss ht tm pbe syscall nx lm constant_tsc arch_perfmon pebs bts rep_good nopl aperfmperf pni monitor tm2 ssse3 lahf_lm dtherm
bogomips	: 6000.02
clflush size	: 64
cache_alignment	: 64
address sizes	: 36 bits physical, 48 bits virtual
power management:



Memory: 4k page, physical 2048600k(74036k free), swap 0k(0k free)

vm_info: Java HotSpot(TM) 64-Bit Server VM (25.25-b02) for linux-amd64 JRE (1.8.0_25-b17), built on Sep 17 2014 17:32:11 by "java_re" with gcc 4.3.0 20080428 (Red Hat 4.3.0-8)

time: Tue Jul  7 12:05:09 2015
elapsed time: 31 seconds (0d 0h 0m 31s)

